# JRE version: OpenJDK Runtime Environment AdoptOpenJDK-11.0.11+9 (11.0.11+9) (build 11.0.11+9)
# Java VM: OpenJDK 64-Bit Server VM AdoptOpenJDK-11.0.11+9 (11.0.11+9, mixed mode, tiered, compressed oops, parallel gc, windows-amd64)
Heap:
 PSYoungGen      total 19456K, used 6242K [0x00000000eab00000, 0x00000000ec280000, 0x0000000100000000)
  eden space 15360K, 14% used [0x00000000eab00000,0x00000000ead1d548,0x00000000eba00000)
  from space 4096K, 99% used [0x00000000ebe80000,0x00000000ec27b408,0x00000000ec280000)
  to   space 4096K, 0% used [0x00000000eba00000,0x00000000eba00000,0x00000000ebe00000)
 ParOldGen       total 142336K, used 104056K [0x00000000c0000000, 0x00000000c8b00000, 0x00000000eab00000)
  object space 142336K, 73% used [0x00000000c0000000,0x00000000c659e168,0x00000000c8b00000)
 Metaspace       used 77226K, capacity 80778K, committed 80896K, reserved 1122304K
  class space    used 7378K, capacity 8675K, committed 8704K, reserved 1048576K
GC Heap History (20 events):
Event: 743.699 GC heap before
{Heap before GC invocations=605 (full 23):
 PSYoungGen      total 14336K, used 14175K [0x00000000eab00000, 0x00000000eba80000, 0x0000000100000000)
  eden space 12800K, 99% used [0x00000000eab00000,0x00000000eb77ffe8,0x00000000eb780000)
  from space 1536K, 89% used [0x00000000eb900000,0x00000000eba58000,0x00000000eba80000)
  to   space 1536K, 0% used [0x00000000eb780000,0x00000000eb780000,0x00000000eb900000)
 ParOldGen       total 142336K, used 97381K [0x00000000c0000000, 0x00000000c8b00000, 0x00000000eab00000)
  object space 142336K, 68% used [0x00000000c0000000,0x00000000c5f194c0,0x00000000c8b00000)
 Metaspace       used 76797K, capacity 80234K, committed 80384K, reserved 1120256K
  class space    used 7341K, capacity 8643K, committed 8704K, reserved 1048576K
}
Event: 743.707 GC heap after
{Heap after GC invocations=605 (full 23):
 PSYoungGen      total 14336K, used 1536K [0x00000000eab00000, 0x00000000ebf00000, 0x0000000100000000)
  eden space 12800K, 0% used [0x00000000eab00000,0x00000000eab00000,0x00000000eb780000)
  from space 1536K, 100% used [0x00000000eb780000,0x00000000eb900000,0x00000000eb900000)
  to   space 3584K, 0% used [0x00000000ebb80000,0x00000000ebb80000,0x00000000ebf00000)
 ParOldGen       total 142336K, used 98913K [0x00000000c0000000, 0x00000000c8b00000, 0x00000000eab00000)
  object space 142336K, 69% used [0x00000000c0000000,0x00000000c6098720,0x00000000c8b00000)
 Metaspace       used 76797K, capacity 80234K, committed 80384K, reserved 1120256K
  class space    used 7341K, capacity 8643K, committed 8704K, reserved 1048576K
}
Event: 744.378 GC heap before
{Heap before GC invocations=606 (full 23):
 PSYoungGen      total 14336K, used 13750K [0x00000000eab00000, 0x00000000ebf00000, 0x0000000100000000)
  eden space 12800K, 95% used [0x00000000eab00000,0x00000000eb6edb78,0x00000000eb780000)
  from space 1536K, 100% used [0x00000000eb780000,0x00000000eb900000,0x00000000eb900000)
  to   space 3584K, 0% used [0x00000000ebb80000,0x00000000ebb80000,0x00000000ebf00000)
 ParOldGen       total 142336K, used 98913K [0x00000000c0000000, 0x00000000c8b00000, 0x00000000eab00000)
  object space 142336K, 69% used [0x00000000c0000000,0x00000000c6098720,0x00000000c8b00000)
 Metaspace       used 76811K, capacity 80234K, committed 80384K, reserved 1120256K
  class space    used 7345K, capacity 8643K, committed 8704K, reserved 1048576K
}
Event: 744.381 GC heap after
{Heap after GC invocations=606 (full 23):
 PSYoungGen      total 14848K, used 1296K [0x00000000eab00000, 0x00000000ebd00000, 0x0000000100000000)
  eden space 13312K, 0% used [0x00000000eab00000,0x00000000eab00000,0x00000000eb800000)
  from space 1536K, 84% used [0x00000000ebb80000,0x00000000ebcc4010,0x00000000ebd00000)
  to   space 2048K, 0% used [0x00000000eb900000,0x00000000eb900000,0x00000000ebb00000)
 ParOldGen       total 142336K, used 98913K [0x00000000c0000000, 0x00000000c8b00000, 0x00000000eab00000)
  object space 142336K, 69% used [0x00000000c0000000,0x00000000c6098720,0x00000000c8b00000)
 Metaspace       used 76811K, capacity 80234K, committed 80384K, reserved 1120256K
  class space    used 7345K, capacity 8643K, committed 8704K, reserved 1048576K
}
Event: 744.977 GC heap before
{Heap before GC invocations=607 (full 23):
 PSYoungGen      total 14848K, used 14608K [0x00000000eab00000, 0x00000000ebd00000, 0x0000000100000000)
  eden space 13312K, 100% used [0x00000000eab00000,0x00000000eb800000,0x00000000eb800000)
  from space 1536K, 84% used [0x00000000ebb80000,0x00000000ebcc4010,0x00000000ebd00000)
  to   space 2048K, 0% used [0x00000000eb900000,0x00000000eb900000,0x00000000ebb00000)
 ParOldGen       total 142336K, used 98913K [0x00000000c0000000, 0x00000000c8b00000, 0x00000000eab00000)
  object space 142336K, 69% used [0x00000000c0000000,0x00000000c6098720,0x00000000c8b00000)
 Metaspace       used 76812K, capacity 80234K, committed 80384K, reserved 1120256K
  class space    used 7345K, capacity 8643K, committed 8704K, reserved 1048576K
}
Event: 744.981 GC heap after
{Heap after GC invocations=607 (full 23):
 PSYoungGen      total 15872K, used 2029K [0x00000000eab00000, 0x00000000ec480000, 0x0000000100000000)
  eden space 13824K, 0% used [0x00000000eab00000,0x00000000eab00000,0x00000000eb880000)
  from space 2048K, 99% used [0x00000000eb900000,0x00000000ebafb6a0,0x00000000ebb00000)
  to   space 6144K, 0% used [0x00000000ebe80000,0x00000000ebe80000,0x00000000ec480000)
 ParOldGen       total 142336K, used 102017K [0x00000000c0000000, 0x00000000c8b00000, 0x00000000eab00000)
  object space 142336K, 71% used [0x00000000c0000000,0x00000000c63a0720,0x00000000c8b00000)
 Metaspace       used 76812K, capacity 80234K, committed 80384K, reserved 1120256K
  class space    used 7345K, capacity 8643K, committed 8704K, reserved 1048576K
}
Event: 749.161 GC heap before
{Heap before GC invocations=608 (full 23):
 PSYoungGen      total 15872K, used 15853K [0x00000000eab00000, 0x00000000ec480000, 0x0000000100000000)
  eden space 13824K, 100% used [0x00000000eab00000,0x00000000eb880000,0x00000000eb880000)
  from space 2048K, 99% used [0x00000000eb900000,0x00000000ebafb6a0,0x00000000ebb00000)
  to   space 6144K, 0% used [0x00000000ebe80000,0x00000000ebe80000,0x00000000ec480000)
 ParOldGen       total 142336K, used 102017K [0x00000000c0000000, 0x00000000c8b00000, 0x00000000eab00000)
  object space 142336K, 71% used [0x00000000c0000000,0x00000000c63a0720,0x00000000c8b00000)
 Metaspace       used 76831K, capacity 80234K, committed 80384K, reserved 1120256K
  class space    used 7345K, capacity 8643K, committed 8704K, reserved 1048576K
}
Event: 749.165 GC heap after
{Heap after GC invocations=608 (full 23):
 PSYoungGen      total 17920K, used 3261K [0x00000000eab00000, 0x00000000ec200000, 0x0000000100000000)
  eden space 14336K, 0% used [0x00000000eab00000,0x00000000eab00000,0x00000000eb900000)
  from space 3584K, 91% used [0x00000000ebe80000,0x00000000ec1af6b0,0x00000000ec200000)
  to   space 4096K, 0% used [0x00000000eba00000,0x00000000eba00000,0x00000000ebe00000)
 ParOldGen       total 142336K, used 102025K [0x00000000c0000000, 0x00000000c8b00000, 0x00000000eab00000)
  object space 142336K, 71% used [0x00000000c0000000,0x00000000c63a2720,0x00000000c8b00000)
 Metaspace       used 76831K, capacity 80234K, committed 80384K, reserved 1120256K
  class space    used 7345K, capacity 8643K, committed 8704K, reserved 1048576K
}
Event: 749.599 GC heap before
{Heap before GC invocations=609 (full 23):
 PSYoungGen      total 17920K, used 17597K [0x00000000eab00000, 0x00000000ec200000, 0x0000000100000000)
  eden space 14336K, 100% used [0x00000000eab00000,0x00000000eb900000,0x00000000eb900000)
  from space 3584K, 91% used [0x00000000ebe80000,0x00000000ec1af6b0,0x00000000ec200000)
  to   space 4096K, 0% used [0x00000000eba00000,0x00000000eba00000,0x00000000ebe00000)
 ParOldGen       total 142336K, used 102025K [0x00000000c0000000, 0x00000000c8b00000, 0x00000000eab00000)
  object space 142336K, 71% used [0x00000000c0000000,0x00000000c63a2720,0x00000000c8b00000)
 Metaspace       used 76836K, capacity 80234K, committed 80384K, reserved 1120256K
  class space    used 7345K, capacity 8643K, committed 8704K, reserved 1048576K
}
Event: 749.603 GC heap after
{Heap after GC invocations=609 (full 23):
 PSYoungGen      total 17920K, used 2752K [0x00000000eab00000, 0x00000000ebf80000, 0x0000000100000000)
  eden space 14848K, 0% used [0x00000000eab00000,0x00000000eab00000,0x00000000eb980000)
  from space 3072K, 89% used [0x00000000eba00000,0x00000000ebcb0020,0x00000000ebd00000)
  to   space 2560K, 0% used [0x00000000ebd00000,0x00000000ebd00000,0x00000000ebf80000)
 ParOldGen       total 142336K, used 102025K [0x00000000c0000000, 0x00000000c8b00000, 0x00000000eab00000)
  object space 142336K, 71% used [0x00000000c0000000,0x00000000c63a2720,0x00000000c8b00000)
 Metaspace       used 76836K, capacity 80234K, committed 80384K, reserved 1120256K
  class space    used 7345K, capacity 8643K, committed 8704K, reserved 1048576K
}
Event: 752.669 GC heap before
{Heap before GC invocations=610 (full 23):
 PSYoungGen      total 17920K, used 17600K [0x00000000eab00000, 0x00000000ebf80000, 0x0000000100000000)
  eden space 14848K, 100% used [0x00000000eab00000,0x00000000eb980000,0x00000000eb980000)
  from space 3072K, 89% used [0x00000000eba00000,0x00000000ebcb0020,0x00000000ebd00000)
  to   space 2560K, 0% used [0x00000000ebd00000,0x00000000ebd00000,0x00000000ebf80000)
 ParOldGen       total 142336K, used 102025K [0x00000000c0000000, 0x00000000c8b00000, 0x00000000eab00000)
  object space 142336K, 71% used [0x00000000c0000000,0x00000000c63a2720,0x00000000c8b00000)
 Metaspace       used 76841K, capacity 80234K, committed 80384K, reserved 1120256K
  class space    used 7345K, capacity 8643K, committed 8704K, reserved 1048576K
}
Event: 752.676 GC heap after
{Heap after GC invocations=610 (full 23):
 PSYoungGen      total 17408K, used 2544K [0x00000000eab00000, 0x00000000ec100000, 0x0000000100000000)
  eden space 14848K, 0% used [0x00000000eab00000,0x00000000eab00000,0x00000000eb980000)
  from space 2560K, 99% used [0x00000000ebd00000,0x00000000ebf7c030,0x00000000ebf80000)
  to   space 3584K, 0% used [0x00000000eb980000,0x00000000eb980000,0x00000000ebd00000)
 ParOldGen       total 142336K, used 102678K [0x00000000c0000000, 0x00000000c8b00000, 0x00000000eab00000)
  object space 142336K, 72% used [0x00000000c0000000,0x00000000c6445938,0x00000000c8b00000)
 Metaspace       used 76841K, capacity 80234K, committed 80384K, reserved 1120256K
  class space    used 7345K, capacity 8643K, committed 8704K, reserved 1048576K
}
Event: 754.907 GC heap before
{Heap before GC invocations=611 (full 23):
 PSYoungGen      total 17408K, used 17392K [0x00000000eab00000, 0x00000000ec100000, 0x0000000100000000)
  eden space 14848K, 100% used [0x00000000eab00000,0x00000000eb980000,0x00000000eb980000)
  from space 2560K, 99% used [0x00000000ebd00000,0x00000000ebf7c030,0x00000000ebf80000)
  to   space 3584K, 0% used [0x00000000eb980000,0x00000000eb980000,0x00000000ebd00000)
 ParOldGen       total 142336K, used 102678K [0x00000000c0000000, 0x00000000c8b00000, 0x00000000eab00000)
  object space 142336K, 72% used [0x00000000c0000000,0x00000000c6445938,0x00000000c8b00000)
 Metaspace       used 76844K, capacity 80234K, committed 80384K, reserved 1120256K
  class space    used 7345K, capacity 8643K, committed 8704K, reserved 1048576K
}
Event: 754.911 GC heap after
{Heap after GC invocations=611 (full 23):
 PSYoungGen      total 18432K, used 3552K [0x00000000eab00000, 0x00000000ec200000, 0x0000000100000000)
  eden space 14848K, 0% used [0x00000000eab00000,0x00000000eab00000,0x00000000eb980000)
  from space 3584K, 99% used [0x00000000eb980000,0x00000000ebcf8020,0x00000000ebd00000)
  to   space 4096K, 0% used [0x00000000ebe00000,0x00000000ebe00000,0x00000000ec200000)
 ParOldGen       total 142336K, used 103280K [0x00000000c0000000, 0x00000000c8b00000, 0x00000000eab00000)
  object space 142336K, 72% used [0x00000000c0000000,0x00000000c64dc148,0x00000000c8b00000)
 Metaspace       used 76844K, capacity 80234K, committed 80384K, reserved 1120256K
  class space    used 7345K, capacity 8643K, committed 8704K, reserved 1048576K
}
Event: 758.826 GC heap before
{Heap before GC invocations=612 (full 23):
 PSYoungGen      total 18432K, used 18400K [0x00000000eab00000, 0x00000000ec200000, 0x0000000100000000)
  eden space 14848K, 100% used [0x00000000eab00000,0x00000000eb980000,0x00000000eb980000)
  from space 3584K, 99% used [0x00000000eb980000,0x00000000ebcf8020,0x00000000ebd00000)
  to   space 4096K, 0% used [0x00000000ebe00000,0x00000000ebe00000,0x00000000ec200000)
 ParOldGen       total 142336K, used 103280K [0x00000000c0000000, 0x00000000c8b00000, 0x00000000eab00000)
  object space 142336K, 72% used [0x00000000c0000000,0x00000000c64dc148,0x00000000c8b00000)
 Metaspace       used 76850K, capacity 80234K, committed 80384K, reserved 1120256K
  class space    used 7345K, capacity 8643K, committed 8704K, reserved 1048576K
}
Event: 758.833 GC heap after
{Heap after GC invocations=612 (full 23):
 PSYoungGen      total 19456K, used 3568K [0x00000000eab00000, 0x00000000ec200000, 0x0000000100000000)
  eden space 15360K, 0% used [0x00000000eab00000,0x00000000eab00000,0x00000000eba00000)
  from space 4096K, 87% used [0x00000000ebe00000,0x00000000ec17c050,0x00000000ec200000)
  to   space 4096K, 0% used [0x00000000eba00000,0x00000000eba00000,0x00000000ebe00000)
 ParOldGen       total 142336K, used 103280K [0x00000000c0000000, 0x00000000c8b00000, 0x00000000eab00000)
  object space 142336K, 72% used [0x00000000c0000000,0x00000000c64dc148,0x00000000c8b00000)
 Metaspace       used 76850K, capacity 80234K, committed 80384K, reserved 1120256K
  class space    used 7345K, capacity 8643K, committed 8704K, reserved 1048576K
}
Event: 762.428 GC heap before
{Heap before GC invocations=613 (full 23):
 PSYoungGen      total 19456K, used 18928K [0x00000000eab00000, 0x00000000ec200000, 0x0000000100000000)
  eden space 15360K, 100% used [0x00000000eab00000,0x00000000eba00000,0x00000000eba00000)
  from space 4096K, 87% used [0x00000000ebe00000,0x00000000ec17c050,0x00000000ec200000)
  to   space 4096K, 0% used [0x00000000eba00000,0x00000000eba00000,0x00000000ebe00000)
 ParOldGen       total 142336K, used 103280K [0x00000000c0000000, 0x00000000c8b00000, 0x00000000eab00000)
  object space 142336K, 72% used [0x00000000c0000000,0x00000000c64dc148,0x00000000c8b00000)
 Metaspace       used 76850K, capacity 80234K, committed 80384K, reserved 1120256K
  class space    used 7345K, capacity 8643K, committed 8704K, reserved 1048576K
}
Event: 762.432 GC heap after
{Heap after GC invocations=613 (full 23):
 PSYoungGen      total 19456K, used 3664K [0x00000000eab00000, 0x00000000ec280000, 0x0000000100000000)
  eden space 15360K, 0% used [0x00000000eab00000,0x00000000eab00000,0x00000000eba00000)
  from space 4096K, 89% used [0x00000000eba00000,0x00000000ebd94030,0x00000000ebe00000)
  to   space 4096K, 0% used [0x00000000ebe80000,0x00000000ebe80000,0x00000000ec280000)
 ParOldGen       total 142336K, used 103288K [0x00000000c0000000, 0x00000000c8b00000, 0x00000000eab00000)
  object space 142336K, 72% used [0x00000000c0000000,0x00000000c64de148,0x00000000c8b00000)
 Metaspace       used 76850K, capacity 80234K, committed 80384K, reserved 1120256K
  class space    used 7345K, capacity 8643K, committed 8704K, reserved 1048576K
}
Event: 763.721 GC heap before
{Heap before GC invocations=614 (full 23):
 PSYoungGen      total 19456K, used 19024K [0x00000000eab00000, 0x00000000ec280000, 0x0000000100000000)
  eden space 15360K, 100% used [0x00000000eab00000,0x00000000eba00000,0x00000000eba00000)
  from space 4096K, 89% used [0x00000000eba00000,0x00000000ebd94030,0x00000000ebe00000)
  to   space 4096K, 0% used [0x00000000ebe80000,0x00000000ebe80000,0x00000000ec280000)
 ParOldGen       total 142336K, used 103288K [0x00000000c0000000, 0x00000000c8b00000, 0x00000000eab00000)
  object space 142336K, 72% used [0x00000000c0000000,0x00000000c64de148,0x00000000c8b00000)
 Metaspace       used 77194K, capacity 80714K, committed 80896K, reserved 1122304K
  class space    used 7370K, capacity 8675K, committed 8704K, reserved 1048576K
}
Event: 763.736 GC heap after
{Heap after GC invocations=614 (full 23):
 PSYoungGen      total 19456K, used 4077K [0x00000000eab00000, 0x00000000ec280000, 0x0000000100000000)
  eden space 15360K, 0% used [0x00000000eab00000,0x00000000eab00000,0x00000000eba00000)
  from space 4096K, 99% used [0x00000000ebe80000,0x00000000ec27b408,0x00000000ec280000)
  to   space 4096K, 0% used [0x00000000eba00000,0x00000000eba00000,0x00000000ebe00000)
 ParOldGen       total 142336K, used 104056K [0x00000000c0000000, 0x00000000c8b00000, 0x00000000eab00000)
  object space 142336K, 73% used [0x00000000c0000000,0x00000000c659e168,0x00000000c8b00000)
 Metaspace       used 77194K, capacity 80714K, committed 80896K, reserved 1122304K
  class space    used 7370K, capacity 8675K, committed 8704K, reserved 1048576K
}

